
> rag-agent-app@0.1.0 build
> next build

▲ Next.js 16.2.1 (Turbopack)
- Environments: .env.local

  Creating an optimized production build ...


--STDERR--

⚠ Warning: Next.js inferred your workspace root, but it may not be correct.
 We detected multiple lockfiles and selected the directory of C:\Users\drish\package-lock.json as the root directory.
 To silence this warning, set `turbopack.root` in your Next.js config, or consider removing one of the lockfiles if it's not needed.
   See https://nextjs.org/docs/app/api-reference/config/next-config-js/turbopack#root-directory for more information.
 Detected additional lockfiles: 
   * C:\Users\drish\AntiGravity Prep\rag-agent-app\package-lock.json


> Build error occurred
Error: Turbopack build failed with 1 errors:
./AntiGravity Prep/rag-agent-app/src/app/chat/page.tsx:3:20
`ssr: false` is not allowed with `next/dynamic` in Server Components. Please move it into a Client Component.
  [90m1 |[0m [36mimport[0m dynamic [36mfrom[0m [32m'next/dynamic'[0m;
  [90m2 |[0m
[31m[1m>[0m [90m3 |[0m [36mconst[0m [33mChatClient[0m = dynamic(() => [36mimport[0m([32m'@/components/ChatClient'[0m), {
  [90m  |[0m                    [31m[1m^^^^^^^^^^^^^^^^^^^^^^^^^^^^^^^^^^^^^^^^^^^^^^^^^[0m
[31m[1m>[0m [90m4 |[0m   ssr: [36mfalse[0m,
  [90m  |[0m [31m[1m^^^^^^^^^^^^^[0m
[31m[1m>[0m [90m5 |[0m });
  [90m  |[0m [31m[1m^^[0m
  [90m6 |[0m
  [90m7 |[0m [36mexport[0m [36mdefault[0m [36mfunction[0m [33mChatPage[0m() {
  [90m8 |[0m   [36mreturn[0m <[33mChatClient[0m />;

Ecmascript file had an error


    at <unknown> (./AntiGravity Prep/rag-agent-app/src/app/chat/page.tsx:3:20)
